<?xml version="1.0" encoding="UTF-8"?>
<testng-results skipped="0" failed="1" ignored="0" total="1" passed="0">
  <reporter-output>
  </reporter-output>
  <suite name="Default suite" duration-ms="48490" started-at="2017-12-13T19:55:28Z" finished-at="2017-12-13T19:56:16Z">
    <groups>
    </groups>
    <test name="Default test" duration-ms="48490" started-at="2017-12-13T19:55:28Z" finished-at="2017-12-13T19:56:16Z">
      <class name="com.waseem.tests.EriBank_iOS">
        <test-method status="PASS" signature="setUp(org.testng.ITestContext)[pri:0, instance:com.waseem.tests.EriBank_iOS@6d7b4f4c]" name="setUp" is-config="true" duration-ms="25583" started-at="2017-12-13T21:55:28Z" finished-at="2017-12-13T21:55:54Z">
          <params>
            <param index="0">
              <value>
                <![CDATA[org.testng.TestRunner@1863d2fe]]>
              </value>
            </param>
          </params>
          <reporter-output>
          </reporter-output>
        </test-method> <!-- setUp -->
        <test-method status="FAIL" signature="test()[pri:0, instance:com.waseem.tests.EriBank_iOS@6d7b4f4c]" name="test" duration-ms="13469" started-at="2017-12-13T21:55:54Z" finished-at="2017-12-13T21:56:07Z">
          <exception class="org.openqa.selenium.WebDriverException">
            <message>
              <![CDATA[javascript error (javascript error. TypeError: Can not invoke method [jdk.internal.dynalink.beans.SimpleDynamicMethod Map com.experitest.image.agent.appium.backend.commands.browser.AppiumScriptClient.launch(String,boolean,boolean)] with the passed arguments; they do not match any of its method signatures. in <eval> at line number 1)  (WARNING: The server did not provide any stacktrace information)
Command duration or timeout: 313 milliseconds
Build info: version: '2.53.1', revision: 'a36b8b1cd5757287168e54b817830adce9b0158d', time: '2016-06-30 19:26:09'
System info: host: 'WaseemS-LT', ip: '192.168.2.136', os.name: 'Windows 8.1', os.arch: 'amd64', os.version: '6.3', java.version: '1.8.0_141'
Driver info: io.appium.java_client.ios.IOSDriver
Capabilities [{device.majorVersion=10.x, dontGoHomeOnQuit=false, device.os=iOS, noReset=false, dontStopAppOnReset=false, project=Default, reservationDuration=240, reportFormat=xml, fullReset=false, platform=ANY, desired={stream=waseem, build=0, deviceQuery=@os='ios' and contains(@model, 'iphone'), reportDirectory=reports, project=Default, reportFormat=xml, platformName=iOS, testName=com.waseem.tests.EriBank_iOS}, device.serialNumber=c545a800b77466d31c0698db5814bed89e6269c7, stream=waseem, device.version=10.3.3, deviceQuery=@os='ios' and contains(@model, 'iphone'), automationName=XCUITest, reportDirectory=reports, autoWebview=false, platformName=iOS, testName=com.waseem.tests.EriBank_iOS, device.screenSize=750x1334, useKeystore=false, cloudViewLink=https://cloud-dhm7.experitest.com:443/#/AFi7ROsKgIZtqi50?1
Picked up Grid Node (seetest_7777)
Reserved Device : iPhone7, device.manufacture=Apple, instrumentApp=false, device.category=PHONE, autoDismissAlerts=false, reportUrl=C:\Windows\Temp\headless\CLOUD-SID_2017-12-13_21-55-35-97c90261-7f9a-4c7b-8592-40ff1585b139\248cc2f4-f044-45af-a457-ef7b48829fbf, keystorePath=~/.android/debug.keystore, waitForDeviceTimeout=120000, build=0, device.model=iPhone 7, device.name=iPhone7, projectName=, gridNodePort=7777, autoAcceptAlerts=false}]
Session ID: CLOUD-SID:2017-12-13_21-55-35-97c90261-7f9a-4c7b-8592-40ff1585b139]]>
            </message>
            <full-stacktrace>
              <![CDATA[org.openqa.selenium.WebDriverException: javascript error (javascript error. TypeError: Can not invoke method [jdk.internal.dynalink.beans.SimpleDynamicMethod Map com.experitest.image.agent.appium.backend.commands.browser.AppiumScriptClient.launch(String,boolean,boolean)] with the passed arguments; they do not match any of its method signatures. in <eval> at line number 1)  (WARNING: The server did not provide any stacktrace information)
Command duration or timeout: 313 milliseconds
Build info: version: '2.53.1', revision: 'a36b8b1cd5757287168e54b817830adce9b0158d', time: '2016-06-30 19:26:09'
System info: host: 'WaseemS-LT', ip: '192.168.2.136', os.name: 'Windows 8.1', os.arch: 'amd64', os.version: '6.3', java.version: '1.8.0_141'
Driver info: io.appium.java_client.ios.IOSDriver
Capabilities [{device.majorVersion=10.x, dontGoHomeOnQuit=false, device.os=iOS, noReset=false, dontStopAppOnReset=false, project=Default, reservationDuration=240, reportFormat=xml, fullReset=false, platform=ANY, desired={stream=waseem, build=0, deviceQuery=@os='ios' and contains(@model, 'iphone'), reportDirectory=reports, project=Default, reportFormat=xml, platformName=iOS, testName=com.waseem.tests.EriBank_iOS}, device.serialNumber=c545a800b77466d31c0698db5814bed89e6269c7, stream=waseem, device.version=10.3.3, deviceQuery=@os='ios' and contains(@model, 'iphone'), automationName=XCUITest, reportDirectory=reports, autoWebview=false, platformName=iOS, testName=com.waseem.tests.EriBank_iOS, device.screenSize=750x1334, useKeystore=false, cloudViewLink=https://cloud-dhm7.experitest.com:443/#/AFi7ROsKgIZtqi50?1
Picked up Grid Node (seetest_7777)
Reserved Device : iPhone7, device.manufacture=Apple, instrumentApp=false, device.category=PHONE, autoDismissAlerts=false, reportUrl=C:\Windows\Temp\headless\CLOUD-SID_2017-12-13_21-55-35-97c90261-7f9a-4c7b-8592-40ff1585b139\248cc2f4-f044-45af-a457-ef7b48829fbf, keystorePath=~/.android/debug.keystore, waitForDeviceTimeout=120000, build=0, device.model=iPhone 7, device.name=iPhone7, projectName=, gridNodePort=7777, autoAcceptAlerts=false}]
Session ID: CLOUD-SID:2017-12-13_21-55-35-97c90261-7f9a-4c7b-8592-40ff1585b139
	at sun.reflect.NativeConstructorAccessorImpl.newInstance0(Native Method)
	at sun.reflect.NativeConstructorAccessorImpl.newInstance(NativeConstructorAccessorImpl.java:62)
	at sun.reflect.DelegatingConstructorAccessorImpl.newInstance(DelegatingConstructorAccessorImpl.java:45)
	at java.lang.reflect.Constructor.newInstance(Constructor.java:423)
	at org.openqa.selenium.remote.ErrorHandler.createThrowable(ErrorHandler.java:206)
	at org.openqa.selenium.remote.ErrorHandler.throwIfResponseFailed(ErrorHandler.java:158)
	at org.openqa.selenium.remote.RemoteWebDriver.execute(RemoteWebDriver.java:678)
	at io.appium.java_client.DefaultGenericMobileDriver.execute(DefaultGenericMobileDriver.java:40)
	at io.appium.java_client.AppiumDriver.execute(AppiumDriver.java:1)
	at io.appium.java_client.ios.IOSDriver.execute(IOSDriver.java:1)
	at org.openqa.selenium.remote.RemoteWebDriver.executeScript(RemoteWebDriver.java:577)
	at com.waseem.tests.EriBank_iOS.test(EriBank_iOS.java:54)
	at sun.reflect.NativeMethodAccessorImpl.invoke0(Native Method)
	at sun.reflect.NativeMethodAccessorImpl.invoke(NativeMethodAccessorImpl.java:62)
	at sun.reflect.DelegatingMethodAccessorImpl.invoke(DelegatingMethodAccessorImpl.java:43)
	at java.lang.reflect.Method.invoke(Method.java:498)
	at org.testng.internal.MethodInvocationHelper.invokeMethod(MethodInvocationHelper.java:108)
	at org.testng.internal.Invoker.invokeMethod(Invoker.java:661)
	at org.testng.internal.Invoker.invokeTestMethod(Invoker.java:869)
	at org.testng.internal.Invoker.invokeTestMethods(Invoker.java:1193)
	at org.testng.internal.TestMethodWorker.invokeTestMethods(TestMethodWorker.java:126)
	at org.testng.internal.TestMethodWorker.run(TestMethodWorker.java:109)
	at org.testng.TestRunner.privateRun(TestRunner.java:744)
	at org.testng.TestRunner.run(TestRunner.java:602)
	at org.testng.SuiteRunner.runTest(SuiteRunner.java:380)
	at org.testng.SuiteRunner.runSequentially(SuiteRunner.java:375)
	at org.testng.SuiteRunner.privateRun(SuiteRunner.java:340)
	at org.testng.SuiteRunner.run(SuiteRunner.java:289)
	at org.testng.SuiteRunnerWorker.runSuite(SuiteRunnerWorker.java:52)
	at org.testng.SuiteRunnerWorker.run(SuiteRunnerWorker.java:86)
	at org.testng.TestNG.runSuitesSequentially(TestNG.java:1301)
	at org.testng.TestNG.runSuitesLocally(TestNG.java:1226)
	at org.testng.TestNG.runSuites(TestNG.java:1144)
	at org.testng.TestNG.run(TestNG.java:1115)
	at org.testng.remote.AbstractRemoteTestNG.run(AbstractRemoteTestNG.java:132)
	at org.testng.remote.RemoteTestNG.initAndRun(RemoteTestNG.java:230)
	at org.testng.remote.RemoteTestNG.main(RemoteTestNG.java:76)
]]>
            </full-stacktrace>
          </exception> <!-- org.openqa.selenium.WebDriverException -->
          <reporter-output>
          </reporter-output>
        </test-method> <!-- test -->
        <test-method status="PASS" signature="tearDown()[pri:0, instance:com.waseem.tests.EriBank_iOS@6d7b4f4c]" name="tearDown" is-config="true" duration-ms="9249" started-at="2017-12-13T21:56:07Z" finished-at="2017-12-13T21:56:16Z">
          <reporter-output>
          </reporter-output>
        </test-method> <!-- tearDown -->
      </class> <!-- com.waseem.tests.EriBank_iOS -->
    </test> <!-- Default test -->
  </suite> <!-- Default suite -->
</testng-results>
