<?xml version="1.0" encoding="UTF-8"?>
<testng-results skipped="0" failed="0" ignored="0" total="1" passed="1">
  <reporter-output>
  </reporter-output>
  <suite name="Default suite" duration-ms="77716" started-at="2017-12-13T21:55:53Z" finished-at="2017-12-13T21:57:11Z">
    <groups>
      <group name="seetest">
        <method signature="EriBank_iOS.test()[pri:0, instance:com.waseem.tests.EriBank_iOS@6d7b4f4c]" name="test" class="com.waseem.tests.EriBank_iOS"/>
      </group> <!-- seetest -->
    </groups>
    <test name="Default test" duration-ms="77716" started-at="2017-12-13T21:55:53Z" finished-at="2017-12-13T21:57:11Z">
      <class name="com.waseem.tests.EriBank_iOS">
        <test-method status="PASS" signature="setUp(org.testng.ITestContext)[pri:0, instance:com.waseem.tests.EriBank_iOS@6d7b4f4c]" name="setUp" is-config="true" duration-ms="34705" started-at="2017-12-13T23:55:53Z" finished-at="2017-12-13T23:56:28Z">
          <params>
            <param index="0">
              <value>
                <![CDATA[org.testng.TestRunner@1863d2fe]]>
              </value>
            </param>
          </params>
          <reporter-output>
          </reporter-output>
        </test-method> <!-- setUp -->
        <test-method status="PASS" signature="test()[pri:0, instance:com.waseem.tests.EriBank_iOS@6d7b4f4c]" name="test" duration-ms="32884" started-at="2017-12-13T23:56:28Z" finished-at="2017-12-13T23:57:00Z">
          <reporter-output>
          </reporter-output>
        </test-method> <!-- test -->
        <test-method status="PASS" signature="tearDown()[pri:0, instance:com.waseem.tests.EriBank_iOS@6d7b4f4c]" name="tearDown" is-config="true" duration-ms="10083" started-at="2017-12-13T23:57:00Z" finished-at="2017-12-13T23:57:11Z">
          <reporter-output>
          </reporter-output>
        </test-method> <!-- tearDown -->
      </class> <!-- com.waseem.tests.EriBank_iOS -->
    </test> <!-- Default test -->
  </suite> <!-- Default suite -->
</testng-results>
